mode: set
cullsnap/internal/storage/sqlite.go:17.58,19.16 2 1
cullsnap/internal/storage/sqlite.go:19.16,21.3 1 0
cullsnap/internal/storage/sqlite.go:23.2,23.34 1 1
cullsnap/internal/storage/sqlite.go:23.34,25.3 1 0
cullsnap/internal/storage/sqlite.go:27.2,28.43 2 1
cullsnap/internal/storage/sqlite.go:28.43,31.3 2 0
cullsnap/internal/storage/sqlite.go:33.2,33.19 1 1
cullsnap/internal/storage/sqlite.go:36.42,58.32 2 1
cullsnap/internal/storage/sqlite.go:58.32,59.45 1 1
cullsnap/internal/storage/sqlite.go:59.45,61.4 1 0
cullsnap/internal/storage/sqlite.go:63.2,63.12 1 1
cullsnap/internal/storage/sqlite.go:66.89,70.14 3 1
cullsnap/internal/storage/sqlite.go:70.14,73.17 3 1
cullsnap/internal/storage/sqlite.go:73.17,75.4 1 0
cullsnap/internal/storage/sqlite.go:76.8,79.17 3 1
cullsnap/internal/storage/sqlite.go:79.17,81.4 1 0
cullsnap/internal/storage/sqlite.go:83.2,83.12 1 1
cullsnap/internal/storage/sqlite.go:86.80,91.16 4 1
cullsnap/internal/storage/sqlite.go:91.16,93.3 1 0
cullsnap/internal/storage/sqlite.go:94.2,97.18 3 1
cullsnap/internal/storage/sqlite.go:97.18,99.42 2 1
cullsnap/internal/storage/sqlite.go:99.42,101.4 1 0
cullsnap/internal/storage/sqlite.go:102.3,102.26 1 1
cullsnap/internal/storage/sqlite.go:104.2,104.24 1 1
cullsnap/internal/storage/sqlite.go:107.52,114.16 5 1
cullsnap/internal/storage/sqlite.go:114.16,116.3 1 0
cullsnap/internal/storage/sqlite.go:119.2,123.12 3 1
cullsnap/internal/storage/sqlite.go:126.54,131.16 4 1
cullsnap/internal/storage/sqlite.go:131.16,133.3 1 0
cullsnap/internal/storage/sqlite.go:134.2,137.18 3 1
cullsnap/internal/storage/sqlite.go:137.18,139.39 2 1
cullsnap/internal/storage/sqlite.go:139.39,141.4 1 0
cullsnap/internal/storage/sqlite.go:142.3,142.27 1 1
cullsnap/internal/storage/sqlite.go:144.2,144.19 1 1
cullsnap/internal/storage/sqlite.go:147.55,154.2 5 1
cullsnap/internal/storage/sqlite.go:156.82,184.2 3 0
cullsnap/internal/storage/sqlite.go:186.87,194.16 5 1
cullsnap/internal/storage/sqlite.go:194.16,196.3 1 0
cullsnap/internal/storage/sqlite.go:197.2,200.18 3 1
cullsnap/internal/storage/sqlite.go:200.18,202.39 2 1
cullsnap/internal/storage/sqlite.go:202.39,204.4 1 0
cullsnap/internal/storage/sqlite.go:205.3,205.21 1 1
cullsnap/internal/storage/sqlite.go:207.2,207.22 1 1
cullsnap/internal/storage/sqlite.go:210.37,212.2 1 1
cullsnap/internal/storage/sqlite.go:215.65,219.17 3 1
cullsnap/internal/storage/sqlite.go:219.17,222.3 2 1
cullsnap/internal/storage/sqlite.go:223.2,225.12 3 1
cullsnap/internal/storage/sqlite.go:229.85,235.16 5 1
cullsnap/internal/storage/sqlite.go:235.16,237.3 1 0
cullsnap/internal/storage/sqlite.go:238.2,241.18 3 1
cullsnap/internal/storage/sqlite.go:241.18,244.43 3 1
cullsnap/internal/storage/sqlite.go:244.43,246.4 1 0
cullsnap/internal/storage/sqlite.go:247.3,247.17 1 1
cullsnap/internal/storage/sqlite.go:249.2,249.21 1 1
cullsnap/main.go:29.76,32.16 2 0
cullsnap/main.go:32.16,34.3 1 0
cullsnap/main.go:37.2,37.48 1 0
cullsnap/main.go:37.48,39.3 1 0
cullsnap/main.go:46.2,46.45 1 0
cullsnap/main.go:49.13,52.16 2 0
cullsnap/main.go:52.16,54.3 1 0
cullsnap/main.go:55.2,56.50 2 0
cullsnap/main.go:56.50,58.3 1 0
cullsnap/main.go:60.2,64.45 3 0
cullsnap/main.go:64.45,66.3 1 0
cullsnap/main.go:67.2,70.37 2 0
cullsnap/main.go:70.37,73.3 1 0
cullsnap/main.go:76.2,77.16 2 0
cullsnap/main.go:77.16,80.3 2 0
cullsnap/main.go:81.2,114.16 4 0
cullsnap/main.go:114.16,116.3 1 0
cullsnap/internal/app/app.go:37.46,39.2 1 0
cullsnap/internal/app/app.go:43.44,48.16 3 0
cullsnap/internal/app/app.go:48.16,50.3 1 0
cullsnap/internal/app/app.go:50.8,52.3 1 0
cullsnap/internal/app/app.go:56.49,60.16 2 0
cullsnap/internal/app/app.go:60.16,62.3 1 0
cullsnap/internal/app/app.go:63.2,63.15 1 0
cullsnap/internal/app/app.go:63.15,65.3 1 0
cullsnap/internal/app/app.go:66.2,66.17 1 0
cullsnap/internal/app/app.go:70.55,75.2 2 0
cullsnap/internal/app/app.go:78.65,82.2 3 0
cullsnap/internal/app/app.go:85.72,87.2 1 0
cullsnap/internal/app/app.go:90.83,92.2 1 0
cullsnap/internal/app/app.go:95.74,97.2 1 0
cullsnap/internal/app/app.go:103.72,105.25 2 0
cullsnap/internal/app/app.go:105.25,108.3 1 0
cullsnap/internal/app/app.go:110.2,111.16 2 0
cullsnap/internal/app/app.go:111.16,113.3 1 0
cullsnap/internal/app/app.go:116.2,125.27 3 0
cullsnap/internal/app/app.go:125.27,130.3 1 0
cullsnap/internal/app/app.go:133.2,134.20 2 0
cullsnap/internal/app/app.go:134.20,136.3 1 0
cullsnap/internal/app/app.go:137.2,137.20 1 0
cullsnap/internal/app/app.go:137.20,139.3 1 0
cullsnap/internal/app/app.go:141.2,141.91 1 0
cullsnap/internal/app/app.go:141.91,146.3 1 0
cullsnap/internal/app/app.go:149.2,149.24 1 0
cullsnap/internal/app/app.go:149.24,150.49 1 0
cullsnap/internal/app/app.go:150.49,152.4 1 0
cullsnap/internal/app/app.go:155.2,155.20 1 0
cullsnap/internal/app/app.go:159.98,160.22 1 0
cullsnap/internal/app/app.go:160.22,163.3 2 0
cullsnap/internal/app/app.go:164.2,167.29 3 0
cullsnap/internal/app/app.go:167.29,169.28 1 0
cullsnap/internal/app/app.go:169.28,171.4 1 0
cullsnap/internal/app/app.go:173.2,173.19 1 0
cullsnap/internal/app/app.go:177.52,179.2 1 0
cullsnap/internal/app/app.go:182.25,186.25 3 0
cullsnap/internal/app/app.go:187.16,188.40 1 0
cullsnap/internal/app/app.go:189.17,190.54 1 0
cullsnap/internal/app/app.go:191.10,192.44 1 0
cullsnap/internal/app/app.go:197.47,198.25 1 0
cullsnap/internal/app/app.go:199.16,200.37 1 0
cullsnap/internal/app/app.go:201.17,202.41 1 0
cullsnap/internal/app/app.go:203.10,204.41 1 0
cullsnap/internal/app/app.go:228.52,232.27 2 0
cullsnap/internal/app/app.go:232.27,234.17 2 0
cullsnap/internal/app/app.go:234.17,236.4 1 0
cullsnap/internal/app/app.go:239.2,239.27 1 0
cullsnap/internal/app/app.go:239.27,245.24 4 0
cullsnap/internal/app/app.go:245.24,247.28 2 0
cullsnap/internal/app/app.go:247.28,249.20 2 0
cullsnap/internal/app/app.go:249.20,252.6 2 0
cullsnap/internal/app/app.go:254.4,256.20 3 0
cullsnap/internal/app/app.go:263.2,272.23 5 0
cullsnap/internal/app/app.go:272.23,275.41 2 0
cullsnap/internal/app/app.go:275.41,278.4 2 0
cullsnap/internal/app/app.go:279.3,280.31 2 0
cullsnap/internal/app/app.go:283.2,283.16 1 0
cullsnap/internal/app/app.go:293.35,296.27 3 0
cullsnap/internal/app/app.go:296.27,299.3 2 0
cullsnap/internal/app/app.go:313.61,315.16 2 0
cullsnap/internal/app/app.go:315.16,317.3 1 0
cullsnap/internal/app/app.go:318.2,325.8 1 0
cullsnap/internal/app/app.go:329.61,330.30 1 0
cullsnap/internal/app/app.go:330.30,332.3 1 0
cullsnap/internal/app/app.go:333.2,333.41 1 0
cullsnap/internal/app/app.go:337.78,339.2 1 0
cullsnap/internal/app/app.go:351.70,354.33 3 0
cullsnap/internal/app/app.go:354.33,356.3 1 0
cullsnap/internal/app/app.go:359.2,361.16 3 0
cullsnap/internal/app/app.go:361.16,363.3 1 0
cullsnap/internal/app/app.go:365.2,365.32 1 0
cullsnap/internal/app/app.go:365.32,366.20 1 0
cullsnap/internal/app/app.go:366.20,367.12 1 0
cullsnap/internal/app/app.go:369.3,370.140 2 0
cullsnap/internal/app/app.go:370.140,372.18 2 0
cullsnap/internal/app/app.go:372.18,373.13 1 0
cullsnap/internal/app/app.go:375.4,381.61 2 0
cullsnap/internal/app/app.go:381.61,383.5 1 0
cullsnap/internal/app/app.go:384.4,384.38 1 0
cullsnap/internal/app/app.go:388.2,392.8 1 0
cullsnap/internal/app/app.go:396.95,402.30 3 0
cullsnap/internal/app/app.go:402.30,404.3 1 0
cullsnap/internal/app/app.go:406.2,411.15 5 0
cullsnap/internal/app/app.go:411.15,416.3 4 0
cullsnap/internal/app/app.go:419.2,419.59 1 0
cullsnap/internal/app/app.go:419.59,425.3 1 0
cullsnap/internal/app/app.go:427.2,428.16 2 0
cullsnap/internal/app/app.go:428.16,430.3 1 0
cullsnap/internal/app/app.go:433.2,434.16 2 0
cullsnap/internal/app/app.go:434.16,436.3 1 0
cullsnap/internal/app/app.go:439.2,441.16 3 0
cullsnap/internal/app/app.go:441.16,443.3 1 0
cullsnap/internal/app/app.go:446.2,447.50 2 0
cullsnap/internal/app/app.go:447.50,449.3 1 0
cullsnap/internal/app/app.go:452.2,457.27 2 0
cullsnap/internal/app/app.go:457.27,459.30 2 0
cullsnap/internal/app/app.go:459.30,462.18 2 0
cullsnap/internal/app/app.go:462.18,463.13 1 0
cullsnap/internal/app/app.go:466.4,467.14 2 0
cullsnap/internal/app/app.go:467.14,469.5 1 0
cullsnap/internal/app/app.go:471.4,477.18 2 0
cullsnap/internal/app/app.go:477.18,479.5 1 0
cullsnap/internal/app/app.go:479.10,481.5 1 0
cullsnap/internal/app/app.go:483.3,483.26 1 0
cullsnap/internal/app/app.go:483.26,485.4 1 0
cullsnap/internal/app/app.go:488.2,488.17 1 0
cullsnap/internal/dedupe/hash.go:34.61,36.16 2 1
cullsnap/internal/dedupe/hash.go:36.16,38.3 1 0
cullsnap/internal/dedupe/hash.go:39.2,45.16 3 1
cullsnap/internal/dedupe/hash.go:45.16,47.3 1 0
cullsnap/internal/dedupe/hash.go:51.2,54.16 3 1
cullsnap/internal/dedupe/hash.go:54.16,56.3 1 0
cullsnap/internal/dedupe/hash.go:58.2,58.18 1 1
cullsnap/internal/dedupe/hash.go:63.169,71.85 3 1
cullsnap/internal/dedupe/hash.go:71.85,72.17 1 1
cullsnap/internal/dedupe/hash.go:72.17,74.4 1 0
cullsnap/internal/dedupe/hash.go:75.3,75.68 1 1
cullsnap/internal/dedupe/hash.go:75.68,77.4 1 1
cullsnap/internal/dedupe/hash.go:78.3,78.13 1 1
cullsnap/internal/dedupe/hash.go:80.2,80.16 1 1
cullsnap/internal/dedupe/hash.go:80.16,82.3 1 0
cullsnap/internal/dedupe/hash.go:85.2,91.29 6 1
cullsnap/internal/dedupe/hash.go:91.29,93.3 1 0
cullsnap/internal/dedupe/hash.go:95.2,95.29 1 1
cullsnap/internal/dedupe/hash.go:95.29,97.21 2 1
cullsnap/internal/dedupe/hash.go:97.21,98.11 1 1
cullsnap/internal/dedupe/hash.go:99.22,100.21 1 0
cullsnap/internal/dedupe/hash.go:101.12,101.12 0 1
cullsnap/internal/dedupe/hash.go:104.4,105.18 2 1
cullsnap/internal/dedupe/hash.go:105.18,110.32 3 0
cullsnap/internal/dedupe/hash.go:110.32,112.6 1 0
cullsnap/internal/dedupe/hash.go:113.5,113.15 1 0
cullsnap/internal/dedupe/hash.go:115.4,121.31 3 1
cullsnap/internal/dedupe/hash.go:121.31,123.5 1 0
cullsnap/internal/dedupe/hash.go:124.4,124.14 1 1
cullsnap/internal/dedupe/hash.go:128.2,128.33 1 1
cullsnap/internal/dedupe/hash.go:128.33,130.3 1 0
cullsnap/internal/dedupe/hash.go:132.2,132.29 1 1
cullsnap/internal/dedupe/hash.go:132.29,134.3 1 0
cullsnap/internal/dedupe/hash.go:137.2,138.27 2 1
cullsnap/internal/dedupe/hash.go:138.27,139.10 1 1
cullsnap/internal/dedupe/hash.go:140.21,141.25 1 0
cullsnap/internal/dedupe/hash.go:142.11,142.11 0 1
cullsnap/internal/dedupe/hash.go:145.3,145.20 1 1
cullsnap/internal/dedupe/hash.go:145.20,146.12 1 0
cullsnap/internal/dedupe/hash.go:149.3,150.28 2 1
cullsnap/internal/dedupe/hash.go:150.28,151.26 1 1
cullsnap/internal/dedupe/hash.go:151.26,152.13 1 0
cullsnap/internal/dedupe/hash.go:156.4,157.53 2 1
cullsnap/internal/dedupe/hash.go:157.53,161.10 4 1
cullsnap/internal/dedupe/hash.go:165.3,165.15 1 1
cullsnap/internal/dedupe/hash.go:165.15,170.4 3 1
cullsnap/internal/dedupe/hash.go:174.2,175.27 2 1
cullsnap/internal/dedupe/hash.go:175.27,176.25 1 1
cullsnap/internal/dedupe/hash.go:176.25,178.4 1 1
cullsnap/internal/dedupe/hash.go:178.9,179.31 1 1
cullsnap/internal/dedupe/hash.go:179.31,181.5 1 1
cullsnap/internal/dedupe/hash.go:183.3,183.39 1 1
cullsnap/internal/dedupe/hash.go:186.2,186.25 1 1
cullsnap/internal/dedupe/mover.go:13.57,21.16 5 0
cullsnap/internal/dedupe/mover.go:21.16,23.3 1 0
cullsnap/internal/dedupe/mover.go:25.2,29.16 3 0
cullsnap/internal/dedupe/mover.go:29.16,31.3 1 0
cullsnap/internal/dedupe/mover.go:34.2,35.16 2 0
cullsnap/internal/dedupe/mover.go:35.16,37.3 1 0
cullsnap/internal/dedupe/mover.go:40.2,41.16 2 0
cullsnap/internal/dedupe/mover.go:41.16,45.3 2 0
cullsnap/internal/dedupe/mover.go:47.2,47.21 1 0
cullsnap/internal/dedupe/mover.go:52.144,56.27 3 0
cullsnap/internal/dedupe/mover.go:56.27,57.10 1 0
cullsnap/internal/dedupe/mover.go:58.21,59.29 1 0
cullsnap/internal/dedupe/mover.go:60.11,60.11 0 0
cullsnap/internal/dedupe/mover.go:63.3,63.30 1 0
cullsnap/internal/dedupe/mover.go:63.30,65.4 1 0
cullsnap/internal/dedupe/mover.go:67.3,67.30 1 0
cullsnap/internal/dedupe/mover.go:67.30,68.19 1 0
cullsnap/internal/dedupe/mover.go:68.19,70.19 2 0
cullsnap/internal/dedupe/mover.go:70.19,72.6 1 0
cullsnap/internal/dedupe/mover.go:72.11,74.6 1 0
cullsnap/internal/dedupe/mover.go:78.2,78.13 1 0
cullsnap/internal/dedupe/mover.go:82.38,84.16 2 0
cullsnap/internal/dedupe/mover.go:84.16,86.3 1 0
cullsnap/internal/dedupe/mover.go:87.2,90.16 3 0
cullsnap/internal/dedupe/mover.go:90.16,92.3 1 0
cullsnap/internal/dedupe/mover.go:93.2,93.15 1 0
cullsnap/internal/dedupe/mover.go:93.15,95.17 2 0
cullsnap/internal/dedupe/mover.go:95.17,97.4 1 0
cullsnap/internal/dedupe/mover.go:100.2,100.43 1 0
cullsnap/internal/dedupe/mover.go:100.43,102.3 1 0
cullsnap/internal/dedupe/mover.go:104.2,105.12 2 0
cullsnap/internal/dedupe/quality.go:16.66,18.16 2 1
cullsnap/internal/dedupe/quality.go:18.16,20.3 1 0
cullsnap/internal/dedupe/quality.go:21.2,24.16 3 1
cullsnap/internal/dedupe/quality.go:24.16,26.3 1 0
cullsnap/internal/dedupe/quality.go:31.2,41.29 6 1
cullsnap/internal/dedupe/quality.go:41.29,43.3 1 0
cullsnap/internal/dedupe/quality.go:49.2,52.32 3 1
cullsnap/internal/dedupe/quality.go:52.32,53.32 1 1
cullsnap/internal/dedupe/quality.go:53.32,67.4 8 1
cullsnap/internal/dedupe/quality.go:71.2,75.33 4 1
cullsnap/internal/dedupe/quality.go:75.33,78.3 2 1
cullsnap/internal/dedupe/quality.go:80.2,81.22 2 1
cullsnap/internal/dedupe/quality.go:85.46,91.2 3 1
cullsnap/internal/dedupe/quality.go:94.133,96.31 2 1
cullsnap/internal/dedupe/quality.go:96.31,97.10 1 1
cullsnap/internal/dedupe/quality.go:98.21,99.20 1 0
cullsnap/internal/dedupe/quality.go:100.11,100.11 0 1
cullsnap/internal/dedupe/quality.go:103.3,103.30 1 1
cullsnap/internal/dedupe/quality.go:103.30,105.4 1 0
cullsnap/internal/dedupe/quality.go:107.3,107.29 1 1
cullsnap/internal/dedupe/quality.go:107.29,109.30 1 0
cullsnap/internal/dedupe/quality.go:109.30,111.5 1 0
cullsnap/internal/dedupe/quality.go:112.4,112.12 1 0
cullsnap/internal/dedupe/quality.go:115.3,118.38 3 1
cullsnap/internal/dedupe/quality.go:118.38,119.25 1 1
cullsnap/internal/dedupe/quality.go:119.25,120.13 1 0
cullsnap/internal/dedupe/quality.go:123.4,124.18 2 1
cullsnap/internal/dedupe/quality.go:124.18,125.13 1 0
cullsnap/internal/dedupe/quality.go:128.4,128.30 1 1
cullsnap/internal/dedupe/quality.go:128.30,131.5 2 1
cullsnap/internal/dedupe/quality.go:135.3,135.38 1 1
cullsnap/internal/dedupe/quality.go:135.38,136.46 1 1
cullsnap/internal/dedupe/quality.go:136.46,138.5 1 1
cullsnap/internal/dedupe/quality.go:138.10,140.5 1 1
cullsnap/internal/dedupe/quality.go:144.3,144.48 1 1
cullsnap/internal/dedupe/quality.go:144.48,146.43 2 0
cullsnap/internal/dedupe/quality.go:146.43,148.5 1 0
cullsnap/internal/dedupe/quality.go:151.2,151.12 1 1
cullsnap/internal/dedupe/sorter.go:23.54,25.16 2 0
cullsnap/internal/dedupe/sorter.go:25.16,27.3 1 0
cullsnap/internal/dedupe/sorter.go:28.2,32.16 3 0
cullsnap/internal/dedupe/sorter.go:32.16,34.3 1 0
cullsnap/internal/dedupe/sorter.go:36.2,37.33 2 0
cullsnap/internal/dedupe/sorter.go:37.33,39.3 1 0
cullsnap/internal/dedupe/sorter.go:41.2,41.19 1 0
cullsnap/internal/dedupe/sorter.go:55.54,57.16 2 0
cullsnap/internal/dedupe/sorter.go:57.16,59.3 1 0
cullsnap/internal/dedupe/sorter.go:60.2,63.16 3 0
cullsnap/internal/dedupe/sorter.go:63.16,65.3 1 0
cullsnap/internal/dedupe/sorter.go:67.2,70.47 2 0
cullsnap/internal/dedupe/sorter.go:70.47,72.3 1 0
cullsnap/internal/dedupe/sorter.go:73.2,73.49 1 0
cullsnap/internal/dedupe/sorter.go:73.49,74.24 1 0
cullsnap/internal/dedupe/sorter.go:74.24,76.4 1 0
cullsnap/internal/dedupe/sorter.go:77.3,77.34 1 0
cullsnap/internal/dedupe/sorter.go:81.2,81.52 1 0
cullsnap/internal/dedupe/sorter.go:81.52,83.3 1 0
cullsnap/internal/dedupe/sorter.go:86.2,86.57 1 0
cullsnap/internal/dedupe/sorter.go:86.57,88.3 1 0
cullsnap/internal/dedupe/sorter.go:91.2,91.50 1 0
cullsnap/internal/dedupe/sorter.go:91.50,93.13 2 0
cullsnap/internal/dedupe/sorter.go:93.13,95.4 1 0
cullsnap/internal/dedupe/sorter.go:99.2,99.54 1 0
cullsnap/internal/dedupe/sorter.go:99.54,101.13 2 0
cullsnap/internal/dedupe/sorter.go:101.13,102.14 1 0
cullsnap/internal/dedupe/sorter.go:102.14,104.5 1 0
cullsnap/internal/dedupe/sorter.go:104.10,106.5 1 0
cullsnap/internal/dedupe/sorter.go:111.2,111.61 1 0
cullsnap/internal/dedupe/sorter.go:111.61,113.3 1 0
cullsnap/internal/dedupe/sorter.go:115.2,115.18 1 0
cullsnap/internal/dedupe/sorter.go:119.36,121.16 2 0
cullsnap/internal/dedupe/sorter.go:121.16,123.3 1 0
cullsnap/internal/dedupe/sorter.go:124.2,124.10 1 0
cullsnap/internal/dedupe/sorter.go:129.76,139.27 3 0
cullsnap/internal/dedupe/sorter.go:139.27,140.10 1 0
cullsnap/internal/dedupe/sorter.go:141.21,142.20 1 0
cullsnap/internal/dedupe/sorter.go:143.11,143.11 0 0
cullsnap/internal/dedupe/sorter.go:146.3,147.24 2 0
cullsnap/internal/dedupe/sorter.go:147.24,149.31 2 0
cullsnap/internal/dedupe/sorter.go:149.31,150.19 1 0
cullsnap/internal/dedupe/sorter.go:150.19,152.11 2 0
cullsnap/internal/dedupe/sorter.go:157.3,157.27 1 0
cullsnap/internal/dedupe/sorter.go:157.27,160.4 2 0
cullsnap/internal/dedupe/sorter.go:160.9,162.4 1 0
cullsnap/internal/dedupe/sorter.go:166.2,166.43 1 0
cullsnap/internal/dedupe/sorter.go:166.43,170.27 3 0
cullsnap/internal/dedupe/sorter.go:170.27,172.4 1 0
cullsnap/internal/dedupe/sorter.go:173.3,173.28 1 0
cullsnap/internal/dedupe/sorter.go:173.28,175.4 1 0
cullsnap/internal/dedupe/sorter.go:176.3,176.28 1 0
cullsnap/internal/dedupe/sorter.go:176.28,178.4 1 0
cullsnap/internal/dedupe/sorter.go:180.3,180.51 1 0
cullsnap/internal/dedupe/sorter.go:180.51,182.4 1 0
cullsnap/internal/dedupe/sorter.go:183.3,183.15 1 0
cullsnap/internal/dedupe/sorter.go:187.2,187.29 1 0
cullsnap/internal/dedupe/sorter.go:187.29,189.3 1 0
cullsnap/internal/dedupe/sorter.go:190.2,190.12 1 0
cullsnap/internal/export/copier.go:16.74,18.51 1 1
cullsnap/internal/export/copier.go:18.51,20.3 1 0
cullsnap/internal/export/copier.go:22.2,23.27 2 1
cullsnap/internal/export/copier.go:23.27,25.17 2 1
cullsnap/internal/export/copier.go:25.17,29.4 1 0
cullsnap/internal/export/copier.go:30.3,39.17 6 1
cullsnap/internal/export/copier.go:39.17,42.4 2 0
cullsnap/internal/export/copier.go:44.3,45.21 2 1
cullsnap/internal/export/copier.go:45.21,55.22 4 0
cullsnap/internal/export/copier.go:55.22,57.5 1 0
cullsnap/internal/export/copier.go:59.4,60.18 2 0
cullsnap/internal/export/copier.go:60.18,62.5 1 0
cullsnap/internal/export/copier.go:63.9,67.4 3 1
cullsnap/internal/export/copier.go:69.3,69.17 1 1
cullsnap/internal/export/copier.go:69.17,71.4 1 0
cullsnap/internal/export/copier.go:72.3,72.10 1 1
cullsnap/internal/export/copier.go:75.2,75.19 1 1
cullsnap/internal/export/copier.go:79.37,86.6 6 1
cullsnap/internal/export/copier.go:86.6,87.53 1 1
cullsnap/internal/export/copier.go:87.53,88.9 1 1
cullsnap/internal/export/copier.go:90.3,91.12 2 1
cullsnap/internal/export/copier.go:93.2,93.16 1 1
cullsnap/internal/scanner/scanner.go:29.56,32.82 2 1
cullsnap/internal/scanner/scanner.go:32.82,33.17 1 1
cullsnap/internal/scanner/scanner.go:33.17,35.4 1 0
cullsnap/internal/scanner/scanner.go:36.3,36.16 1 1
cullsnap/internal/scanner/scanner.go:36.16,37.32 1 1
cullsnap/internal/scanner/scanner.go:37.32,39.5 1 0
cullsnap/internal/scanner/scanner.go:40.4,40.14 1 1
cullsnap/internal/scanner/scanner.go:43.3,44.29 2 1
cullsnap/internal/scanner/scanner.go:44.29,46.18 2 1
cullsnap/internal/scanner/scanner.go:46.18,48.5 1 0
cullsnap/internal/scanner/scanner.go:50.4,52.15 3 1
cullsnap/internal/scanner/scanner.go:52.15,55.19 2 0
cullsnap/internal/scanner/scanner.go:55.19,57.6 1 0
cullsnap/internal/scanner/scanner.go:60.4,68.30 2 1
cullsnap/internal/scanner/scanner.go:70.3,70.13 1 1
cullsnap/internal/scanner/scanner.go:73.2,73.20 1 1
cullsnap/internal/scanner/scanner.go:76.34,77.13 1 1
cullsnap/internal/scanner/scanner.go:78.47,79.14 1 0
cullsnap/internal/scanner/scanner.go:81.2,81.14 1 1
cullsnap/internal/image/thumbcache.go:26.43,28.16 2 0
cullsnap/internal/image/thumbcache.go:28.16,31.18 2 0
cullsnap/internal/image/thumbcache.go:31.18,33.4 1 0
cullsnap/internal/image/thumbcache.go:34.3,34.19 1 0
cullsnap/internal/image/thumbcache.go:37.2,39.52 2 0
cullsnap/internal/image/thumbcache.go:39.52,41.3 1 0
cullsnap/internal/image/thumbcache.go:43.2,44.45 2 0
cullsnap/internal/image/thumbcache.go:49.71,52.2 2 1
cullsnap/internal/image/thumbcache.go:56.76,58.46 2 1
cullsnap/internal/image/thumbcache.go:58.46,60.3 1 1
cullsnap/internal/image/thumbcache.go:61.2,61.11 1 1
cullsnap/internal/image/thumbcache.go:67.89,71.46 2 1
cullsnap/internal/image/thumbcache.go:71.46,73.3 1 0
cullsnap/internal/image/thumbcache.go:75.2,77.13 3 1
cullsnap/internal/image/thumbcache.go:78.47,79.17 1 0
cullsnap/internal/image/thumbcache.go:82.2,82.13 1 1
cullsnap/internal/image/thumbcache.go:82.13,86.63 2 0
cullsnap/internal/image/thumbcache.go:86.63,89.4 2 0
cullsnap/internal/image/thumbcache.go:91.3,91.55 1 0
cullsnap/internal/image/thumbcache.go:91.55,94.4 2 0
cullsnap/internal/image/thumbcache.go:95.8,98.17 2 1
cullsnap/internal/image/thumbcache.go:98.17,100.4 1 0
cullsnap/internal/image/thumbcache.go:103.3,105.17 3 1
cullsnap/internal/image/thumbcache.go:105.17,107.4 1 0
cullsnap/internal/image/thumbcache.go:109.3,109.75 1 1
cullsnap/internal/image/thumbcache.go:109.75,113.4 3 0
cullsnap/internal/image/thumbcache.go:115.3,115.35 1 1
cullsnap/internal/image/thumbcache.go:115.35,118.4 2 0
cullsnap/internal/image/thumbcache.go:121.3,121.55 1 1
cullsnap/internal/image/thumbcache.go:121.55,124.4 2 0
cullsnap/internal/image/thumbcache.go:127.2,128.23 2 1
cullsnap/internal/image/thumbcache.go:148.21,162.34 6 1
cullsnap/internal/image/thumbcache.go:162.34,164.13 2 1
cullsnap/internal/image/thumbcache.go:164.13,166.27 2 1
cullsnap/internal/image/thumbcache.go:166.27,169.24 2 1
cullsnap/internal/image/thumbcache.go:169.24,173.20 3 0
cullsnap/internal/image/thumbcache.go:173.20,176.7 1 0
cullsnap/internal/image/thumbcache.go:179.5,180.24 2 1
cullsnap/internal/image/thumbcache.go:180.24,182.6 1 1
cullsnap/internal/image/thumbcache.go:182.11,184.6 1 0
cullsnap/internal/image/thumbcache.go:185.5,189.26 4 1
cullsnap/internal/image/thumbcache.go:189.26,191.6 1 1
cullsnap/internal/image/thumbcache.go:197.2,197.29 1 1
cullsnap/internal/image/thumbcache.go:197.29,199.3 1 1
cullsnap/internal/image/thumbcache.go:200.2,206.15 4 1
cullsnap/internal/image/thumbnail.go:17.53,19.16 2 1
cullsnap/internal/image/thumbnail.go:19.16,21.3 1 0
cullsnap/internal/image/thumbnail.go:22.2,26.16 3 1
cullsnap/internal/image/thumbnail.go:26.16,28.17 2 0
cullsnap/internal/image/thumbnail.go:28.17,30.18 2 0
cullsnap/internal/image/thumbnail.go:30.18,37.5 1 0
cullsnap/internal/image/thumbnail.go:43.2,43.40 1 1
cullsnap/internal/image/thumbnail.go:43.40,45.3 1 0
cullsnap/internal/image/thumbnail.go:47.2,48.16 2 1
cullsnap/internal/image/thumbnail.go:48.16,50.3 1 0
cullsnap/internal/image/thumbnail.go:55.2,56.19 2 1
cullsnap/internal/image/thumbnail.go:61.53,63.2 1 0
cullsnap/internal/logger/logger.go:15.34,16.30 1 1
cullsnap/internal/logger/logger.go:16.30,18.3 1 1
cullsnap/internal/logger/logger.go:18.8,20.17 2 0
cullsnap/internal/logger/logger.go:20.17,22.4 1 0
cullsnap/internal/logger/logger.go:23.3,23.40 1 0
cullsnap/internal/logger/logger.go:26.2,27.16 2 1
cullsnap/internal/logger/logger.go:27.16,29.3 1 0
cullsnap/internal/logger/logger.go:31.2,35.12 4 1
cullsnap/internal/logger/logger.go:39.26,41.22 2 0
cullsnap/internal/logger/logger.go:42.16,43.38 1 0
cullsnap/internal/logger/logger.go:44.17,45.52 1 0
cullsnap/internal/logger/logger.go:46.10,47.42 1 0
cullsnap/internal/logger/logger.go:49.2,49.20 1 0
cullsnap/internal/video/ffmpeg.go:25.19,27.16 2 0
cullsnap/internal/video/ffmpeg.go:27.16,29.3 1 0
cullsnap/internal/video/ffmpeg.go:30.2,31.50 2 0
cullsnap/internal/video/ffmpeg.go:31.50,33.3 1 0
cullsnap/internal/video/ffmpeg.go:35.2,36.31 2 0
cullsnap/internal/video/ffmpeg.go:36.31,38.3 1 0
cullsnap/internal/video/ffmpeg.go:40.2,44.47 3 0
cullsnap/internal/video/ffmpeg.go:44.47,45.49 1 0
cullsnap/internal/video/ffmpeg.go:45.49,47.4 1 0
cullsnap/internal/video/ffmpeg.go:51.2,51.25 1 0
cullsnap/internal/video/ffmpeg.go:76.29,80.16 3 0
cullsnap/internal/video/ffmpeg.go:80.16,82.3 1 0
cullsnap/internal/video/ffmpeg.go:83.2,86.68 3 0
cullsnap/internal/video/ffmpeg.go:86.68,88.3 1 0
cullsnap/internal/video/ffmpeg.go:90.2,92.22 2 0
cullsnap/internal/video/ffmpeg.go:93.17,95.45 2 0
cullsnap/internal/video/ffmpeg.go:96.16,97.32 1 0
cullsnap/internal/video/ffmpeg.go:97.32,100.4 2 0
cullsnap/internal/video/ffmpeg.go:100.9,103.4 2 0
cullsnap/internal/video/ffmpeg.go:104.15,106.43 2 0
cullsnap/internal/video/ffmpeg.go:107.10,108.56 1 0
cullsnap/internal/video/ffmpeg.go:111.2,111.76 1 0
cullsnap/internal/video/ffmpeg.go:111.76,113.3 1 0
cullsnap/internal/video/ffmpeg.go:114.2,114.79 1 0
cullsnap/internal/video/ffmpeg.go:114.79,116.3 1 0
cullsnap/internal/video/ffmpeg.go:118.2,119.12 2 0
cullsnap/internal/video/ffmpeg.go:122.62,124.16 2 0
cullsnap/internal/video/ffmpeg.go:124.16,126.3 1 0
cullsnap/internal/video/ffmpeg.go:127.2,130.16 3 0
cullsnap/internal/video/ffmpeg.go:130.16,132.3 1 0
cullsnap/internal/video/ffmpeg.go:135.2,136.16 2 0
cullsnap/internal/video/ffmpeg.go:136.16,138.3 1 0
cullsnap/internal/video/ffmpeg.go:140.2,140.38 1 0
cullsnap/internal/video/ffmpeg.go:140.38,141.44 1 0
cullsnap/internal/video/ffmpeg.go:141.44,143.18 2 0
cullsnap/internal/video/ffmpeg.go:143.18,145.5 1 0
cullsnap/internal/video/ffmpeg.go:146.4,149.18 3 0
cullsnap/internal/video/ffmpeg.go:149.18,151.5 1 0
cullsnap/internal/video/ffmpeg.go:152.4,154.58 2 0
cullsnap/internal/video/ffmpeg.go:154.58,156.5 1 0
cullsnap/internal/video/ffmpeg.go:157.4,157.14 1 0
cullsnap/internal/video/ffmpeg.go:161.2,161.62 1 0
cullsnap/internal/video/ffmpeg.go:165.48,168.16 3 1
cullsnap/internal/video/ffmpeg.go:168.16,170.3 1 0
cullsnap/internal/video/ffmpeg.go:172.2,174.16 3 1
cullsnap/internal/video/ffmpeg.go:174.16,176.3 1 0
cullsnap/internal/video/ffmpeg.go:177.2,177.22 1 1
cullsnap/internal/video/ffmpeg.go:181.56,184.34 2 1
cullsnap/internal/video/ffmpeg.go:184.34,188.3 2 0
cullsnap/internal/video/ffmpeg.go:189.2,189.12 1 1
cullsnap/internal/video/ffmpeg.go:193.60,198.50 4 1
cullsnap/internal/video/ffmpeg.go:198.50,200.3 1 0
cullsnap/internal/video/ffmpeg.go:201.2,201.12 1 1
